app/build/intermediates/manifest_merge_blame_file/debug/manifest-merger-blame-debug-report.txt
1<?xml version="1.0" encoding="utf-8"?>
2<manifest xmlns:android="http://schemas.android.com/apk/res/android"
3    package="com.rec.uber"
4    android:versionCode="1"
5    android:versionName="2.0" >
6
7    <uses-sdk
7-->src/main/AndroidManifest.xml:7:5-9:41
8        android:minSdkVersion="21"
8-->src/main/AndroidManifest.xml:8:9-35
9        android:targetSdkVersion="32" />
9-->src/main/AndroidManifest.xml:9:9-38
10    <!--
11         The ACCESS_COARSE/FINE_LOCATION permissions are not required to use
12         Google Maps Android API v2, but you must specify either coarse or fine
13         location permissions for the "MyLocation" functionality.
14    -->
15    <uses-permission android:name="android.permission.ACCESS_FINE_LOCATION" />
15-->src/main/AndroidManifest.xml:15:5-79
15-->src/main/AndroidManifest.xml:15:22-76
16    <uses-permission android:name="android.permission.ACCESS_COARSE_LOCATION" />
16-->src/main/AndroidManifest.xml:16:5-81
16-->src/main/AndroidManifest.xml:16:22-78
17    <uses-permission android:name="android.permission.ACCESS_BACKGROUND_LOCATION" />
17-->src/main/AndroidManifest.xml:17:5-85
17-->src/main/AndroidManifest.xml:17:22-82
18    <uses-permission android:name="android.permission.CALL_PHONE" />
18-->src/main/AndroidManifest.xml:18:5-69
18-->src/main/AndroidManifest.xml:18:22-66
19    <uses-permission android:name="android.permission.INTERNET" />
19-->src/main/AndroidManifest.xml:19:5-67
19-->src/main/AndroidManifest.xml:19:22-64
20    <uses-permission android:name="android.permission.READ_EXTERNAL_STORAGE" />
20-->src/main/AndroidManifest.xml:20:5-80
20-->src/main/AndroidManifest.xml:20:22-77
21    <uses-permission android:name="android.permission.VIBRATE" />
21-->src/main/AndroidManifest.xml:21:5-66
21-->src/main/AndroidManifest.xml:21:22-63
22
23    <uses-feature
23-->src/main/AndroidManifest.xml:23:5-25:35
24        android:glEsVersion="0x00020000"
24-->src/main/AndroidManifest.xml:24:9-41
25        android:required="true" />
25-->src/main/AndroidManifest.xml:25:9-32
26    <uses-feature android:name="android.hardware.screen.portrait" />
26-->src/main/AndroidManifest.xml:26:5-69
26-->src/main/AndroidManifest.xml:26:19-66
27
28    <uses-permission android:name="android.permission.ACCESS_WIFI_STATE" /> <!-- Create a unique permission for your app and use it so only your app can receive your OneSignal messages. -->
28-->src/main/AndroidManifest.xml:28:5-76
28-->src/main/AndroidManifest.xml:28:22-73
29    <permission
29-->src/main/AndroidManifest.xml:29:5-31:47
30        android:name="com.rec.uber.permission.C2D_MESSAGE"
30-->src/main/AndroidManifest.xml:30:9-59
31        android:protectionLevel="signature" />
31-->src/main/AndroidManifest.xml:31:9-44
32
33    <uses-permission android:name="com.rec.uber.permission.C2D_MESSAGE" /> <!-- OneSignal SDK has runtime checks Android version. -->
33-->src/main/AndroidManifest.xml:33:5-75
33-->src/main/AndroidManifest.xml:33:22-72
34    <!-- <uses-sdk tools:overrideLibrary="android.support.customtabs"/> -->
35    <!-- Required runtime permission to display notifications on Android 13 -->
36    <uses-permission android:name="android.permission.POST_NOTIFICATIONS" /> <!-- c2dm RECEIVE are basic requirements for push messages through Google's FCM -->
36-->src/main/AndroidManifest.xml:36:5-77
36-->src/main/AndroidManifest.xml:36:22-74
37    <uses-permission android:name="com.google.android.c2dm.permission.RECEIVE" /> <!-- Required, makes sure notifications are delivered on time. -->
37-->src/main/AndroidManifest.xml:37:5-82
37-->src/main/AndroidManifest.xml:37:22-79
38    <uses-permission android:name="android.permission.WAKE_LOCK" />
38-->src/main/AndroidManifest.xml:38:5-68
38-->src/main/AndroidManifest.xml:38:22-65
39    <uses-permission android:name="android.permission.ACCESS_NETWORK_STATE" />
39-->src/main/AndroidManifest.xml:39:5-79
39-->src/main/AndroidManifest.xml:39:22-76
40    <!--
41 Use to restore notifications the user hasn't interacted with.
42         They could be missed notifications if the user reboots their device if this isn't in place.
43    -->
44    <uses-permission android:name="android.permission.RECEIVE_BOOT_COMPLETED" /> <!-- START: ShortcutBadger -->
44-->src/main/AndroidManifest.xml:44:5-81
44-->src/main/AndroidManifest.xml:44:22-78
45    <!-- Samsung -->
46    <uses-permission android:name="com.sec.android.provider.badge.permission.READ" />
46-->src/main/AndroidManifest.xml:46:5-86
46-->src/main/AndroidManifest.xml:46:22-83
47    <uses-permission android:name="com.sec.android.provider.badge.permission.WRITE" /> <!-- HTC -->
47-->src/main/AndroidManifest.xml:47:5-87
47-->src/main/AndroidManifest.xml:47:22-84
48    <uses-permission android:name="com.htc.launcher.permission.READ_SETTINGS" />
48-->src/main/AndroidManifest.xml:48:5-81
48-->src/main/AndroidManifest.xml:48:22-78
49    <uses-permission android:name="com.htc.launcher.permission.UPDATE_SHORTCUT" /> <!-- Sony -->
49-->src/main/AndroidManifest.xml:49:5-83
49-->src/main/AndroidManifest.xml:49:22-80
50    <uses-permission android:name="com.sonyericsson.home.permission.BROADCAST_BADGE" />
50-->src/main/AndroidManifest.xml:50:5-88
50-->src/main/AndroidManifest.xml:50:22-85
51    <uses-permission android:name="com.sonymobile.home.permission.PROVIDER_INSERT_BADGE" /> <!-- Apex -->
51-->src/main/AndroidManifest.xml:51:5-92
51-->src/main/AndroidManifest.xml:51:22-89
52    <uses-permission android:name="com.anddoes.launcher.permission.UPDATE_COUNT" /> <!-- Solid -->
52-->src/main/AndroidManifest.xml:52:5-84
52-->src/main/AndroidManifest.xml:52:22-81
53    <uses-permission android:name="com.majeur.launcher.permission.UPDATE_BADGE" /> <!-- Huawei -->
53-->src/main/AndroidManifest.xml:53:5-83
53-->src/main/AndroidManifest.xml:53:22-80
54    <uses-permission android:name="com.huawei.android.launcher.permission.CHANGE_BADGE" />
54-->src/main/AndroidManifest.xml:54:5-91
54-->src/main/AndroidManifest.xml:54:22-88
55    <uses-permission android:name="com.huawei.android.launcher.permission.READ_SETTINGS" />
55-->src/main/AndroidManifest.xml:55:5-92
55-->src/main/AndroidManifest.xml:55:22-89
56    <uses-permission android:name="com.huawei.android.launcher.permission.WRITE_SETTINGS" /> <!-- ZUK -->
56-->src/main/AndroidManifest.xml:56:5-93
56-->src/main/AndroidManifest.xml:56:22-90
57    <uses-permission android:name="android.permission.READ_APP_BADGE" /> <!-- OPPO -->
57-->src/main/AndroidManifest.xml:57:5-73
57-->src/main/AndroidManifest.xml:57:22-70
58    <uses-permission android:name="com.oppo.launcher.permission.READ_SETTINGS" />
58-->src/main/AndroidManifest.xml:58:5-82
58-->src/main/AndroidManifest.xml:58:22-79
59    <uses-permission android:name="com.oppo.launcher.permission.WRITE_SETTINGS" /> <!-- EvMe -->
59-->src/main/AndroidManifest.xml:59:5-83
59-->src/main/AndroidManifest.xml:59:22-80
60    <uses-permission android:name="me.everything.badger.permission.BADGE_COUNT_READ" />
60-->src/main/AndroidManifest.xml:60:5-88
60-->src/main/AndroidManifest.xml:60:22-85
61    <uses-permission android:name="me.everything.badger.permission.BADGE_COUNT_WRITE" />
61-->src/main/AndroidManifest.xml:61:5-89
61-->src/main/AndroidManifest.xml:61:22-86
62
63    <queries>
63-->src/main/AndroidManifest.xml:63:5-67:15
64
65        <!-- Needs to be explicitly declared on Android R+ -->
66        <package android:name="com.google.android.apps.maps" />
66-->src/main/AndroidManifest.xml:66:9-64
66-->src/main/AndroidManifest.xml:66:18-61
67    </queries>
68
69    <uses-permission android:name="android.permission.FOREGROUND_SERVICE" />
69-->src/main/AndroidManifest.xml:69:5-77
69-->src/main/AndroidManifest.xml:69:22-74
70    <uses-permission android:name="android.permission.CAMERA" />
70-->src/main/AndroidManifest.xml:70:5-65
70-->src/main/AndroidManifest.xml:70:22-62
71
72    <uses-feature
72-->src/main/AndroidManifest.xml:72:5-74:36
73        android:name="android.hardware.camera"
73-->src/main/AndroidManifest.xml:73:9-47
74        android:required="false" />
74-->src/main/AndroidManifest.xml:74:9-33
75    <uses-feature
75-->src/main/AndroidManifest.xml:75:5-77:36
76        android:name="android.hardware.camera.autofocus"
76-->src/main/AndroidManifest.xml:76:9-57
77        android:required="false" />
77-->src/main/AndroidManifest.xml:77:9-33
78
79    <uses-permission android:name="com.google.android.finsky.permission.BIND_GET_INSTALL_REFERRER_SERVICE" />
79-->src/main/AndroidManifest.xml:79:5-110
79-->src/main/AndroidManifest.xml:79:22-107
80
81    <application
81-->src/main/AndroidManifest.xml:81:5-586:19
82        android:appComponentFactory="androidx.core.app.CoreComponentFactory"
82-->src/main/AndroidManifest.xml:82:9-77
83        android:debuggable="true"
83-->src/main/AndroidManifest.xml:83:9-34
84        android:icon="@mipmap/ic_launcher"
84-->src/main/AndroidManifest.xml:84:9-43
85        android:label="@string/app_name"
85-->src/main/AndroidManifest.xml:85:9-41
86        android:roundIcon="@mipmap/ic_launcher_round"
86-->src/main/AndroidManifest.xml:86:9-54
87        android:supportsRtl="true"
87-->src/main/AndroidManifest.xml:87:9-35
88        android:testOnly="true"
89        android:theme="@style/Theme.Go" >
89-->src/main/AndroidManifest.xml:88:9-40
90        <activity
90-->src/main/AndroidManifest.xml:89:9-97:20
91            android:name="com.rec.go.ui.SplashActivity"
91-->src/main/AndroidManifest.xml:90:13-56
92            android:exported="true" >
92-->src/main/AndroidManifest.xml:91:13-36
93            <intent-filter>
93-->src/main/AndroidManifest.xml:92:13-96:29
94                <action android:name="android.intent.action.MAIN" />
94-->src/main/AndroidManifest.xml:93:17-69
94-->src/main/AndroidManifest.xml:93:25-66
95
96                <category android:name="android.intent.category.LAUNCHER" />
96-->src/main/AndroidManifest.xml:95:17-77
96-->src/main/AndroidManifest.xml:95:27-74
97            </intent-filter>
98        </activity>
99        <!--
100             The API key for Google Maps-based APIs is defined as a string resource.
101             (See the file "res/values/google_maps_api.xml").
102             Note that the API key is linked to the encryption key used to sign the APK.
103             You need a different API key for each encryption key, including the release key that is used to
104             sign the APK for publishing.
105             You can define the keys for the debug and release targets in src/debug/ and src/release/.
106        -->
107        <meta-data
107-->src/main/AndroidManifest.xml:106:9-108:55
108            android:name="com.google.android.geo.API_KEY"
108-->src/main/AndroidManifest.xml:107:13-58
109            android:value="@string/google_maps_key" />
109-->src/main/AndroidManifest.xml:108:13-52
110
111        <activity android:name="com.rec.go.ui.driver.DriverChooseTypeActivity" />
111-->src/main/AndroidManifest.xml:110:9-82
111-->src/main/AndroidManifest.xml:110:19-79
112        <activity android:name="com.rec.go.ui.payment.PaymentActivity" />
112-->src/main/AndroidManifest.xml:111:9-74
112-->src/main/AndroidManifest.xml:111:19-71
113        <activity android:name="com.rec.go.ui.payment.PayoutActivity" />
113-->src/main/AndroidManifest.xml:112:9-73
113-->src/main/AndroidManifest.xml:112:19-70
114        <activity android:name="com.rec.go.ui.payment.AddPaymentActivity" />
114-->src/main/AndroidManifest.xml:113:9-77
114-->src/main/AndroidManifest.xml:113:19-74
115        <activity android:name="com.rec.go.ui.login.AuthenticationActivity$DetailsActivity" />
115-->src/main/AndroidManifest.xml:114:9-95
115-->src/main/AndroidManifest.xml:114:19-92
116
117        <uses-library
117-->src/main/AndroidManifest.xml:116:9-118:40
118            android:name="org.apache.http.legacy"
118-->src/main/AndroidManifest.xml:117:13-50
119            android:required="false" />
119-->src/main/AndroidManifest.xml:118:13-37
120        <uses-library android:name="com.google.android.maps" />
120-->src/main/AndroidManifest.xml:119:9-64
120-->src/main/AndroidManifest.xml:119:23-61
121
122        <activity
122-->src/main/AndroidManifest.xml:121:9-125:20
123            android:name="com.rec.go.ui.login.AuthenticationActivity$LauncherActivity"
123-->src/main/AndroidManifest.xml:122:13-87
124            android:exported="true"
124-->src/main/AndroidManifest.xml:123:13-36
125            android:screenOrientation="fullSensor" >
125-->src/main/AndroidManifest.xml:124:13-51
126        </activity>
127        <activity
127-->src/main/AndroidManifest.xml:126:9-128:54
128            android:name="com.rec.go.ui.login.AuthenticationActivity"
128-->src/main/AndroidManifest.xml:127:13-70
129            android:screenOrientation="fullSensor" />
129-->src/main/AndroidManifest.xml:128:13-51
130        <activity
130-->src/main/AndroidManifest.xml:129:9-131:54
131            android:name="com.rec.go.ui.customer.CustomerMapActivity"
131-->src/main/AndroidManifest.xml:130:13-70
132            android:screenOrientation="fullSensor" />
132-->src/main/AndroidManifest.xml:131:13-51
133        <activity
133-->src/main/AndroidManifest.xml:132:9-134:54
134            android:name="com.rec.go.ui.customer.CustomerSettingsActivity"
134-->src/main/AndroidManifest.xml:133:13-75
135            android:screenOrientation="fullSensor" />
135-->src/main/AndroidManifest.xml:134:13-51
136        <activity
136-->src/main/AndroidManifest.xml:135:9-137:54
137            android:name="com.rec.go.ui.driver.DriverSettingsActivity"
137-->src/main/AndroidManifest.xml:136:13-71
138            android:screenOrientation="fullSensor" />
138-->src/main/AndroidManifest.xml:137:13-51
139        <activity
139-->src/main/AndroidManifest.xml:138:9-140:54
140            android:name="com.rec.go.ui.history.HistoryActivity"
140-->src/main/AndroidManifest.xml:139:13-65
141            android:screenOrientation="fullSensor" />
141-->src/main/AndroidManifest.xml:140:13-51
142        <activity
142-->src/main/AndroidManifest.xml:141:9-143:54
143            android:name="com.rec.go.ui.history.HistorySingleActivity"
143-->src/main/AndroidManifest.xml:142:13-71
144            android:screenOrientation="fullSensor" />
144-->src/main/AndroidManifest.xml:143:13-51
145        <activity
145-->src/main/AndroidManifest.xml:144:9-147:47
146            android:name="com.rec.go.ui.driver.DriverMapActivity"
146-->src/main/AndroidManifest.xml:145:13-66
147            android:screenOrientation="fullSensor"
147-->src/main/AndroidManifest.xml:146:13-51
148            android:theme="@style/Theme.Go" />
148-->src/main/AndroidManifest.xml:147:13-44
149
150        <service android:name="com.rec.go.utils.onAppKilled" />
150-->src/main/AndroidManifest.xml:149:9-64
150-->src/main/AndroidManifest.xml:149:18-61
151
152        <activity
152-->src/main/AndroidManifest.xml:151:9-153:57
153            android:name="com.stripe.android.view.AddPaymentMethodActivity"
153-->src/main/AndroidManifest.xml:152:13-76
154            android:theme="@style/StripeDefaultTheme" />
154-->src/main/AndroidManifest.xml:153:13-54
155        <activity
155-->src/main/AndroidManifest.xml:154:9-156:57
156            android:name="com.stripe.android.view.PaymentMethodsActivity"
156-->src/main/AndroidManifest.xml:155:13-74
157            android:theme="@style/StripeDefaultTheme" />
157-->src/main/AndroidManifest.xml:156:13-54
158        <activity
158-->src/main/AndroidManifest.xml:157:9-159:57
159            android:name="com.stripe.android.view.PaymentFlowActivity"
159-->src/main/AndroidManifest.xml:158:13-71
160            android:theme="@style/StripeDefaultTheme" />
160-->src/main/AndroidManifest.xml:159:13-54
161        <activity
161-->src/main/AndroidManifest.xml:160:9-163:58
162            android:name="com.stripe.android.view.PaymentAuthWebViewActivity"
162-->src/main/AndroidManifest.xml:161:13-78
163            android:theme="@style/StripeDefaultTheme"
163-->src/main/AndroidManifest.xml:162:13-54
164            android:windowSoftInputMode="adjustResize" />
164-->src/main/AndroidManifest.xml:163:13-55
165        <activity
165-->src/main/AndroidManifest.xml:164:9-166:57
166            android:name="com.stripe.android.view.PaymentRelayActivity"
166-->src/main/AndroidManifest.xml:165:13-72
167            android:theme="@style/StripeDefaultTheme" />
167-->src/main/AndroidManifest.xml:166:13-54
168        <activity
168-->src/main/AndroidManifest.xml:167:9-169:57
169            android:name="com.stripe.android.view.Stripe3ds2CompletionActivity"
169-->src/main/AndroidManifest.xml:168:13-80
170            android:theme="@style/StripeDefaultTheme" />
170-->src/main/AndroidManifest.xml:169:13-54
171        <activity
171-->src/main/AndroidManifest.xml:170:9-172:69
172            android:name="com.stripe.android.paymentsheet.PaymentSheetActivity"
172-->src/main/AndroidManifest.xml:171:13-80
173            android:theme="@style/StripePaymentSheetDefaultTheme" />
173-->src/main/AndroidManifest.xml:172:13-66
174        <activity
174-->src/main/AndroidManifest.xml:173:9-175:69
175            android:name="com.stripe.android.paymentsheet.PaymentOptionsActivity"
175-->src/main/AndroidManifest.xml:174:13-82
176            android:theme="@style/StripePaymentSheetDefaultTheme" />
176-->src/main/AndroidManifest.xml:175:13-66
177        <activity
177-->src/main/AndroidManifest.xml:176:9-178:54
178            android:name="com.stripe.android.stripe3ds2.views.ChallengeActivity"
178-->src/main/AndroidManifest.xml:177:13-81
179            android:theme="@style/Stripe3DS2Theme" />
179-->src/main/AndroidManifest.xml:178:13-51
180        <activity
180-->src/main/AndroidManifest.xml:179:9-181:54
181            android:name="com.stripe.android.stripe3ds2.views.ChallengeProgressActivity"
181-->src/main/AndroidManifest.xml:180:13-89
182            android:theme="@style/Stripe3DS2Theme" />
182-->src/main/AndroidManifest.xml:181:13-51
183        <activity
183-->src/main/AndroidManifest.xml:182:9-185:57
184            android:name="com.rtchagas.pingplacepicker.ui.PlacePickerActivity"
184-->src/main/AndroidManifest.xml:183:13-79
185            android:launchMode="singleTop"
185-->src/main/AndroidManifest.xml:184:13-43
186            android:theme="@style/PingTheme.NoStatus" />
186-->src/main/AndroidManifest.xml:185:13-54
187
188        <meta-data
188-->src/main/AndroidManifest.xml:187:9-189:69
189            android:name="com.google.android.gms.version"
189-->src/main/AndroidManifest.xml:188:13-58
190            android:value="@integer/google_play_services_version" />
190-->src/main/AndroidManifest.xml:189:13-66
191
192        <activity
192-->src/main/AndroidManifest.xml:191:9-193:72
193            android:name="com.karumi.dexter.DexterActivity"
193-->src/main/AndroidManifest.xml:192:13-60
194            android:theme="@style/Dexter.Internal.Theme.Transparent" />
194-->src/main/AndroidManifest.xml:193:13-69
195
196        <receiver
196-->src/main/AndroidManifest.xml:195:9-206:20
197            android:name="com.onesignal.FCMBroadcastReceiver"
197-->src/main/AndroidManifest.xml:196:13-62
198            android:exported="true"
198-->src/main/AndroidManifest.xml:197:13-36
199            android:permission="com.google.android.c2dm.permission.SEND" >
199-->src/main/AndroidManifest.xml:198:13-73
200
201            <!-- High priority so OneSignal payloads can be filtered from other FCM receivers -->
202            <intent-filter android:priority="999" >
202-->src/main/AndroidManifest.xml:201:13-205:29
202-->src/main/AndroidManifest.xml:201:28-50
203                <action android:name="com.google.android.c2dm.intent.RECEIVE" />
203-->src/main/AndroidManifest.xml:202:17-81
203-->src/main/AndroidManifest.xml:202:25-78
204
205                <category android:name="com.rec.uber" />
205-->src/main/AndroidManifest.xml:204:17-57
205-->src/main/AndroidManifest.xml:204:27-54
206            </intent-filter>
207        </receiver>
208
209        <service
209-->src/main/AndroidManifest.xml:208:9-214:19
210            android:name="com.onesignal.HmsMessageServiceOneSignal"
210-->src/main/AndroidManifest.xml:209:13-68
211            android:exported="false" >
211-->src/main/AndroidManifest.xml:210:13-37
212            <intent-filter>
212-->src/main/AndroidManifest.xml:211:13-213:29
213                <action android:name="com.huawei.push.action.MESSAGING_EVENT" />
213-->src/main/AndroidManifest.xml:212:17-81
213-->src/main/AndroidManifest.xml:212:25-78
214            </intent-filter>
215        </service>
216
217        <activity
217-->src/main/AndroidManifest.xml:216:9-224:20
218            android:name="com.onesignal.NotificationOpenedActivityHMS"
218-->src/main/AndroidManifest.xml:217:13-71
219            android:exported="true"
219-->src/main/AndroidManifest.xml:218:13-36
220            android:noHistory="true"
220-->src/main/AndroidManifest.xml:219:13-37
221            android:theme="@android:style/Theme.Translucent.NoTitleBar" >
221-->src/main/AndroidManifest.xml:220:13-72
222            <intent-filter>
222-->src/main/AndroidManifest.xml:221:13-223:29
223                <action android:name="android.intent.action.VIEW" />
223-->src/main/AndroidManifest.xml:222:17-69
223-->src/main/AndroidManifest.xml:222:25-66
224            </intent-filter>
225        </activity>
226
227        <service
227-->src/main/AndroidManifest.xml:226:9-228:40
228            android:name="com.onesignal.FCMIntentService"
228-->src/main/AndroidManifest.xml:227:13-58
229            android:exported="false" />
229-->src/main/AndroidManifest.xml:228:13-37
230        <service
230-->src/main/AndroidManifest.xml:229:9-232:72
231            android:name="com.onesignal.FCMIntentJobService"
231-->src/main/AndroidManifest.xml:230:13-61
232            android:exported="false"
232-->src/main/AndroidManifest.xml:231:13-37
233            android:permission="android.permission.BIND_JOB_SERVICE" />
233-->src/main/AndroidManifest.xml:232:13-69
234        <service
234-->src/main/AndroidManifest.xml:233:9-236:43
235            android:name="com.onesignal.SyncService"
235-->src/main/AndroidManifest.xml:234:13-53
236            android:exported="false"
236-->src/main/AndroidManifest.xml:235:13-37
237            android:stopWithTask="true" />
237-->src/main/AndroidManifest.xml:236:13-40
238        <service
238-->src/main/AndroidManifest.xml:237:9-240:72
239            android:name="com.onesignal.SyncJobService"
239-->src/main/AndroidManifest.xml:238:13-56
240            android:exported="false"
240-->src/main/AndroidManifest.xml:239:13-37
241            android:permission="android.permission.BIND_JOB_SERVICE" />
241-->src/main/AndroidManifest.xml:240:13-69
242
243        <activity
243-->src/main/AndroidManifest.xml:242:9-245:75
244            android:name="com.onesignal.PermissionsActivity"
244-->src/main/AndroidManifest.xml:243:13-61
245            android:exported="false"
245-->src/main/AndroidManifest.xml:244:13-37
246            android:theme="@android:style/Theme.Translucent.NoTitleBar" />
246-->src/main/AndroidManifest.xml:245:13-72
247
248        <receiver
248-->src/main/AndroidManifest.xml:247:9-249:39
249            android:name="com.onesignal.NotificationDismissReceiver"
249-->src/main/AndroidManifest.xml:248:13-69
250            android:exported="true" />
250-->src/main/AndroidManifest.xml:249:13-36
251        <receiver
251-->src/main/AndroidManifest.xml:250:9-257:20
252            android:name="com.onesignal.BootUpReceiver"
252-->src/main/AndroidManifest.xml:251:13-56
253            android:exported="true" >
253-->src/main/AndroidManifest.xml:252:13-36
254            <intent-filter>
254-->src/main/AndroidManifest.xml:253:13-256:29
255                <action android:name="android.intent.action.BOOT_COMPLETED" />
255-->src/main/AndroidManifest.xml:254:17-79
255-->src/main/AndroidManifest.xml:254:25-76
256                <action android:name="android.intent.action.QUICKBOOT_POWERON" />
256-->src/main/AndroidManifest.xml:255:17-82
256-->src/main/AndroidManifest.xml:255:25-79
257            </intent-filter>
258        </receiver>
259        <receiver
259-->src/main/AndroidManifest.xml:258:9-264:20
260            android:name="com.onesignal.UpgradeReceiver"
260-->src/main/AndroidManifest.xml:259:13-57
261            android:exported="true" >
261-->src/main/AndroidManifest.xml:260:13-36
262            <intent-filter>
262-->src/main/AndroidManifest.xml:261:13-263:29
263                <action android:name="android.intent.action.MY_PACKAGE_REPLACED" />
263-->src/main/AndroidManifest.xml:262:17-84
263-->src/main/AndroidManifest.xml:262:25-81
264            </intent-filter>
265        </receiver>
266
267        <activity
267-->src/main/AndroidManifest.xml:266:9-272:75
268            android:name="com.onesignal.NotificationOpenedReceiver"
268-->src/main/AndroidManifest.xml:267:13-68
269            android:excludeFromRecents="true"
269-->src/main/AndroidManifest.xml:268:13-46
270            android:exported="true"
270-->src/main/AndroidManifest.xml:269:13-36
271            android:noHistory="true"
271-->src/main/AndroidManifest.xml:270:13-37
272            android:taskAffinity=""
272-->src/main/AndroidManifest.xml:271:13-36
273            android:theme="@android:style/Theme.Translucent.NoTitleBar" />
273-->src/main/AndroidManifest.xml:272:13-72
274        <activity
274-->src/main/AndroidManifest.xml:273:9-278:75
275            android:name="com.onesignal.NotificationOpenedReceiverAndroid22AndOlder"
275-->src/main/AndroidManifest.xml:274:13-85
276            android:excludeFromRecents="true"
276-->src/main/AndroidManifest.xml:275:13-46
277            android:exported="true"
277-->src/main/AndroidManifest.xml:276:13-36
278            android:noHistory="true"
278-->src/main/AndroidManifest.xml:277:13-37
279            android:theme="@android:style/Theme.Translucent.NoTitleBar" />
279-->src/main/AndroidManifest.xml:278:13-72
280        <activity
280-->src/main/AndroidManifest.xml:279:9-285:20
281            android:name="com.google.android.libraries.places.widget.AutocompleteActivity"
281-->src/main/AndroidManifest.xml:280:13-91
282            android:exported="false"
282-->src/main/AndroidManifest.xml:281:13-37
283            android:label="@string/places_autocomplete_label"
283-->src/main/AndroidManifest.xml:282:13-62
284            android:theme="@style/PlacesAutocompleteOverlay"
284-->src/main/AndroidManifest.xml:283:13-61
285            android:windowSoftInputMode="adjustResize" >
285-->src/main/AndroidManifest.xml:284:13-55
286        </activity>
287        <activity
287-->src/main/AndroidManifest.xml:286:9-289:66
288            android:name="com.facebook.FacebookActivity"
288-->src/main/AndroidManifest.xml:287:13-57
289            android:configChanges="keyboard|keyboardHidden|screenLayout|screenSize|orientation"
289-->src/main/AndroidManifest.xml:288:13-96
290            android:theme="@style/com_facebook_activity_theme" />
290-->src/main/AndroidManifest.xml:289:13-63
291        <activity android:name="com.facebook.CustomTabMainActivity" />
291-->src/main/AndroidManifest.xml:290:9-71
291-->src/main/AndroidManifest.xml:290:19-68
292        <activity
292-->src/main/AndroidManifest.xml:291:9-304:20
293            android:name="com.facebook.CustomTabActivity"
293-->src/main/AndroidManifest.xml:292:13-58
294            android:exported="true" >
294-->src/main/AndroidManifest.xml:293:13-36
295            <intent-filter>
295-->src/main/AndroidManifest.xml:294:13-303:29
296                <action android:name="android.intent.action.VIEW" />
296-->src/main/AndroidManifest.xml:222:17-69
296-->src/main/AndroidManifest.xml:222:25-66
297
298                <category android:name="android.intent.category.DEFAULT" />
298-->src/main/AndroidManifest.xml:297:17-76
298-->src/main/AndroidManifest.xml:297:27-73
299                <category android:name="android.intent.category.BROWSABLE" />
299-->src/main/AndroidManifest.xml:298:17-78
299-->src/main/AndroidManifest.xml:298:27-75
300
301                <data
301-->src/main/AndroidManifest.xml:300:17-302:50
302                    android:host="cct.com.rec.uber"
302-->src/main/AndroidManifest.xml:301:21-52
303                    android:scheme="fbconnect" />
303-->src/main/AndroidManifest.xml:302:21-47
304            </intent-filter>
305        </activity>
306
307        <service
307-->src/main/AndroidManifest.xml:306:9-328:19
308            android:name="com.google.firebase.components.ComponentDiscoveryService"
308-->src/main/AndroidManifest.xml:307:13-84
309            android:directBootAware="true"
309-->src/main/AndroidManifest.xml:308:13-43
310            android:exported="false" >
310-->src/main/AndroidManifest.xml:309:13-37
311            <meta-data
311-->src/main/AndroidManifest.xml:310:13-312:85
312                android:name="com.google.firebase.components:com.google.firebase.database.DatabaseRegistrar"
312-->src/main/AndroidManifest.xml:311:17-109
313                android:value="com.google.firebase.components.ComponentRegistrar" />
313-->src/main/AndroidManifest.xml:312:17-82
314            <meta-data
314-->src/main/AndroidManifest.xml:313:13-315:85
315                android:name="com.google.firebase.components:com.google.firebase.auth.FirebaseAuthRegistrar"
315-->src/main/AndroidManifest.xml:314:17-109
316                android:value="com.google.firebase.components.ComponentRegistrar" />
316-->src/main/AndroidManifest.xml:315:17-82
317            <meta-data
317-->src/main/AndroidManifest.xml:316:13-318:85
318                android:name="com.google.firebase.components:com.google.firebase.storage.StorageRegistrar"
318-->src/main/AndroidManifest.xml:317:17-107
319                android:value="com.google.firebase.components.ComponentRegistrar" />
319-->src/main/AndroidManifest.xml:318:17-82
320            <meta-data
320-->src/main/AndroidManifest.xml:319:13-321:85
321                android:name="com.google.firebase.components:com.google.firebase.messaging.FirebaseMessagingRegistrar"
321-->src/main/AndroidManifest.xml:320:17-119